This is METAFONT, Version 2.71828 (Web2C 7.5.4) (base=mf 2008.2.19)  5 MAY 2008 16:36
**\mode:=ljfour; mag:=1+437/600; nonstopmode; input cmbx12
(/usr/share/texmf/fonts/source/public/cm/cmbx12.mf
(/usr/share/texmf/fonts/source/public/cm/cmbase.mf)
(/usr/share/texmf/fonts/source/public/cm/roman.mf
(/usr/share/texmf/fonts/source/public/cm/romanu.mf [65] [66] [67] [68] [69]
[70] [71] [72] [73] [74] [75] [76] [77] [78] [79] [80] [81] [82] [83] [84]
[85] [86] [87] [88] [89] [90])
(/usr/share/texmf/fonts/source/public/cm/romanl.mf [97] [98] [99] [100]
[101] [102] [103] [104] [105] [106] [107] [108] [109] [110] [111] [112]
[113] [114] [115] [116] [117] [118] [119] [120] [121] [122])
(/usr/share/texmf/fonts/source/public/cm/greeku.mf [0] [1] [2] [3] [4] [5]
[6] [7] [8] [9] [10]) (/usr/share/texmf/fonts/source/public/cm/romand.mf
[48]
! Interruption.
<to be read again> 
                   begingroup
bot->begingroup
               (EXPR2)+if.pair(EXPR2):(0,pen_bot)else:pen_bot.fi.endgroup
<to be read again> 
                   +
serif->...));top.y(SUFFIX4)1-slab=bot.y(SUFFIX4)0+
                                                  eps=tiny.bot.y(SUFFIX2);do...
<to be read again> 
                   ;
dish_serif->...SUFFIX5),(EXPR6),(EXPR7))(SUFFIX8);
                                                  if.dish>0:pickup.tiny.nib;...
<to be read again> 
                   ;
l.33   b,1/3,min(2.25u,w-1.25u-rt x2r));
                                         % serif
? 
! Emergency stop.
<to be read again> 
                   begingroup
bot->begingroup
               (EXPR2)+if.pair(EXPR2):(0,pen_bot)else:pen_bot.fi.endgroup
<to be read again> 
                   +
serif->...));top.y(SUFFIX4)1-slab=bot.y(SUFFIX4)0+
                                                  eps=tiny.bot.y(SUFFIX2);do...
<to be read again> 
                   ;
dish_serif->...SUFFIX5),(EXPR6),(EXPR7))(SUFFIX8);
                                                  if.dish>0:pickup.tiny.nib;...
<to be read again> 
                   ;
l.33   b,1/3,min(2.25u,w-1.25u-rt x2r));
                                         % serif
End of file on the terminal!

Font metrics written on cmbx12.tfm.
Output written on cmbx12.1037gf (64 characters, 27388 bytes).
